<?xml version="1.0" encoding="UTF-8"?>
<testsuite xmlns:xsi="http://www.w3.org/2001/XMLSchema-instance" xsi:noNamespaceSchemaLocation="https://maven.apache.org/surefire/maven-surefire-plugin/xsd/surefire-test-report.xsd" name="az.edu.ada.wm2.AppTest" time="0.079" tests="1" errors="0" skipped="0" failures="0">
  <properties>
    <property name="java.specification.version" value="19"/>
    <property name="sun.cpu.isalist" value="amd64"/>
    <property name="sun.jnu.encoding" value="Cp1252"/>
    <property name="java.class.path" value="C:\Users\nsadili\OneDrive - ADA University\2023-24-Spring\INFT 2405 - WM2\Course Notes\web2_course_work_spring24\273\first-maven-app\target\test-classes;C:\Users\nsadili\OneDrive - ADA University\2023-24-Spring\INFT 2405 - WM2\Course Notes\web2_course_work_spring24\273\first-maven-app\target\classes;C:\Users\nsadili\.m2\repository\junit\junit\4.11\junit-4.11.jar;C:\Users\nsadili\.m2\repository\org\hamcrest\hamcrest-core\1.3\hamcrest-core-1.3.jar;"/>
    <property name="java.vm.vendor" value="Oracle Corporation"/>
    <property name="sun.arch.data.model" value="64"/>
    <property name="user.variant" value=""/>
    <property name="java.vendor.url" value="https://java.oracle.com/"/>
    <property name="user.timezone" value="Asia/Baku"/>
    <property name="os.name" value="Windows 10"/>
    <property name="java.vm.specification.version" value="19"/>
    <property name="sun.java.launcher" value="SUN_STANDARD"/>
    <property name="user.country" value="US"/>
    <property name="sun.boot.library.path" value="C:\Program Files\Java\jdk-19\bin"/>
    <property name="sun.java.command" value="C:\Users\nsadili\AppData\Local\Temp\surefire18033094989887123607\surefirebooter17465289095607171122.jar C:\Users\nsadili\AppData\Local\Temp\surefire18033094989887123607 2024-02-02T10-51-28_360-jvmRun1 surefire7552819255989229876tmp surefire_02572717986786489937tmp"/>
    <property name="jdk.debug" value="release"/>
    <property name="surefire.test.class.path" value="C:\Users\nsadili\OneDrive - ADA University\2023-24-Spring\INFT 2405 - WM2\Course Notes\web2_course_work_spring24\273\first-maven-app\target\test-classes;C:\Users\nsadili\OneDrive - ADA University\2023-24-Spring\INFT 2405 - WM2\Course Notes\web2_course_work_spring24\273\first-maven-app\target\classes;C:\Users\nsadili\.m2\repository\junit\junit\4.11\junit-4.11.jar;C:\Users\nsadili\.m2\repository\org\hamcrest\hamcrest-core\1.3\hamcrest-core-1.3.jar;"/>
    <property name="sun.cpu.endian" value="little"/>
    <property name="user.home" value="C:\Users\nsadili"/>
    <property name="user.language" value="en"/>
    <property name="java.specification.vendor" value="Oracle Corporation"/>
    <property name="java.version.date" value="2022-10-18"/>
    <property name="java.home" value="C:\Program Files\Java\jdk-19"/>
    <property name="file.separator" value="\"/>
    <property name="basedir" value="C:\Users\nsadili\OneDrive - ADA University\2023-24-Spring\INFT 2405 - WM2\Course Notes\web2_course_work_spring24\273\first-maven-app"/>
    <property name="java.vm.compressedOopsMode" value="32-bit"/>
    <property name="line.separator" value="&#10;"/>
    <property name="java.vm.specification.vendor" value="Oracle Corporation"/>
    <property name="java.specification.name" value="Java Platform API Specification"/>
    <property name="surefire.real.class.path" value="C:\Users\nsadili\AppData\Local\Temp\surefire18033094989887123607\surefirebooter17465289095607171122.jar"/>
    <property name="user.script" value=""/>
    <property name="sun.management.compiler" value="HotSpot 64-Bit Tiered Compilers"/>
    <property name="java.runtime.version" value="19.0.1+10-21"/>
    <property name="user.name" value="nsadili"/>
    <property name="stdout.encoding" value="Cp1252"/>
    <property name="path.separator" value=";"/>
    <property name="os.version" value="10.0"/>
    <property name="java.runtime.name" value="Java(TM) SE Runtime Environment"/>
    <property name="file.encoding" value="UTF-8"/>
    <property name="java.vm.name" value="Java HotSpot(TM) 64-Bit Server VM"/>
    <property name="localRepository" value="C:\Users\nsadili\.m2\repository"/>
    <property name="java.vendor.url.bug" value="https://bugreport.java.com/bugreport/"/>
    <property name="java.io.tmpdir" value="C:\Users\nsadili\AppData\Local\Temp\"/>
    <property name="java.version" value="19.0.1"/>
    <property name="user.dir" value="C:\Users\nsadili\OneDrive - ADA University\2023-24-Spring\INFT 2405 - WM2\Course Notes\web2_course_work_spring24\273\first-maven-app"/>
    <property name="os.arch" value="amd64"/>
    <property name="java.vm.specification.name" value="Java Virtual Machine Specification"/>
    <property name="sun.os.patch.level" value=""/>
    <property name="native.encoding" value="Cp1252"/>
    <property name="java.library.path" value="C:\Program Files\Java\jdk-19\bin;C:\Windows\Sun\Java\bin;C:\Windows\system32;C:\Windows;C:\Program Files (x86)\AsanDoc client\;C:\Program Files\Common Files\Oracle\Java\javapath;C:\Windows\system32;C:\Windows;C:\Windows\System32\Wbem;C:\Windows\System32\WindowsPowerShell\v1.0\;C:\Windows\System32\OpenSSH\;C:\Program Files\mingw-w64\x86_64\mingw64\bin;C:\ffmpeg\bin;C:\Program Files\Notepad++;C:\Program Files\Sublime Text;C:\apache-maven-3.8.7\bin;C:\Program Files\mysql-8.0.28-winx64\bin;C:\Users\nsadili\Documents\Projects\ocr;C:\Program Files\dotnet\;C:\Users\nsadili\AppData\Local\Programs\Python\Python311;C:\Users\nsadili\AppData\Local\Programs\Python\Python311\Scripts;C:\gradle-7.6\bin;C:\Program Files\Docker\Docker\resources\bin;C:\Program Files\Java\jdk-19\bin;C:\apache-maven-3.9.2\bin;C:\Program Files\Git\cmd;C:\Program Files\nodejs\;C:\Gradle\gradle-8.5\bin;C:\Users\nsadili\AppData\Local\Programs\Python\Python311\Scripts\;C:\Users\nsadili\AppData\Local\Programs\Python\Python311\;C:\Users\nsadili\AppData\Local\Programs\Python\Python39\Scripts\;C:\Users\nsadili\AppData\Local\Programs\Python\Python39\;C:\Users\nsadili\AppData\Local\Microsoft\WindowsApps;C:\Users\nsadili\AppData\Local\Programs\Microsoft VS Code\bin;C:\Users\nsadili\AppData\Local\Programs\MiKTeX\miktex\bin\x64\;C:\Program Files\JetBrains\IntelliJ IDEA Educational Edition 2021.3.2\bin;;C:\Program Files\JetBrains\IntelliJ IDEA Community Edition 2022.3.2\bin;;C:\Users\nsadili\AppData\Roaming\npm;."/>
    <property name="java.vm.info" value="mixed mode, sharing"/>
    <property name="stderr.encoding" value="Cp1252"/>
    <property name="java.vendor" value="Oracle Corporation"/>
    <property name="java.vm.version" value="19.0.1+10-21"/>
    <property name="sun.io.unicode.encoding" value="UnicodeLittle"/>
    <property name="java.class.version" value="63.0"/>
  </properties>
  <testcase name="shouldAnswerWithTrue" classname="az.edu.ada.wm2.AppTest" time="0.008"/>
</testsuite>